
Running tests... 
----------------------------------------------------------------------
 test_login (__main__.TestLogin) ... FAIL (11.497798)s

======================================================================
FAIL [11.497798s]: __main__.TestLogin.test_login
----------------------------------------------------------------------
Traceback (most recent call last):
  File "c:/Users/Alireza/Pictures/Selenium/login2.py", line 41, in test_login
    self.fail(f"Login failed! Screenshot: {screenshot_path}")
AssertionError: Login failed! Screenshot: reports/screenshots/login_failed.png

----------------------------------------------------------------------
Ran 1 test in 0:00:14

FAILED
 (Failures=1)

Generating HTML reports... 
reports\Login_Test_Report___main__.TestLogin_2025-01-30_16-21-46.html
